f:\gserver\gserver\x64\debug\mainwindow.obj
f:\gserver\gserver\x64\debug\socketthread.obj
f:\gserver\gserver\x64\debug\moc_socket.obj
f:\gserver\gserver\x64\debug\moc_account.obj
f:\gserver\gserver\x64\debug\account.obj
f:\gserver\gserver\x64\debug\socket.obj
f:\gserver\gserver\x64\debug\moc_server.obj
f:\gserver\gserver\x64\debug\moc_room.obj
f:\gserver\gserver\x64\debug\main.obj
f:\gserver\gserver\x64\debug\server.obj
f:\gserver\gserver\x64\debug\moc_socketthread.obj
f:\gserver\gserver\x64\debug\ranklist.obj
f:\gserver\gserver\x64\debug\room.obj
f:\gserver\gserver\x64\debug\moc_mainwindow.obj
f:\gserver\gserver\x64\debug\qrc_mainwindow.obj
f:\gserver\gserver\x64\debug\vc141.pdb
f:\study\programming\作业\数据结构\实践课作业\五子棋答辩版(待完善)\gserver\gserver\x64\debug\account.obj
f:\study\programming\作业\数据结构\实践课作业\五子棋答辩版(待完善)\gserver\gserver\x64\debug\socket.obj
f:\study\programming\作业\数据结构\实践课作业\五子棋答辩版(待完善)\gserver\gserver\x64\debug\moc_server.obj
f:\study\programming\作业\数据结构\实践课作业\五子棋答辩版(待完善)\gserver\gserver\x64\debug\moc_room.obj
f:\study\programming\作业\数据结构\实践课作业\五子棋答辩版(待完善)\gserver\gserver\x64\debug\ranklist.obj
f:\study\programming\作业\数据结构\实践课作业\五子棋答辩版(待完善)\gserver\gserver\x64\debug\room.obj
f:\study\programming\作业\数据结构\实践课作业\五子棋答辩版(待完善)\gserver\gserver\x64\debug\moc_mainwindow.obj
f:\study\programming\作业\数据结构\实践课作业\五子棋答辩版(待完善)\gserver\gserver\x64\debug\qrc_mainwindow.obj
f:\study\programming\作业\数据结构\实践课作业\五子棋答辩版(待完善)\gserver\gserver\x64\debug\main.obj
f:\study\programming\作业\数据结构\实践课作业\五子棋答辩版(待完善)\gserver\gserver\x64\debug\server.obj
f:\study\programming\作业\数据结构\实践课作业\五子棋答辩版(待完善)\gserver\gserver\x64\debug\moc_socketthread.obj
f:\study\programming\作业\数据结构\实践课作业\五子棋答辩版(待完善)\gserver\gserver\x64\debug\mainwindow.obj
f:\study\programming\作业\数据结构\实践课作业\五子棋答辩版(待完善)\gserver\gserver\x64\debug\socketthread.obj
f:\study\programming\作业\数据结构\实践课作业\五子棋答辩版(待完善)\gserver\gserver\x64\debug\moc_socket.obj
f:\study\programming\作业\数据结构\实践课作业\五子棋答辩版(待完善)\gserver\gserver\x64\debug\moc_account.obj
f:\study\programming\作业\数据结构\实践课作业\五子棋答辩版(待完善)\gserver\gserver\x64\debug\vc141.pdb
f:\gserver\gserver\generatedfiles\debug\moc_mainwindow.cpp
f:\gserver\gserver\generatedfiles\debug\moc_server.cpp
f:\gserver\gserver\generatedfiles\debug\moc_socket.cpp
f:\gserver\gserver\generatedfiles\debug\moc_socketthread.cpp
f:\gserver\gserver\generatedfiles\debug\moc_room.cpp
f:\gserver\gserver\generatedfiles\debug\moc_account.cpp
f:\gserver\gserver\generatedfiles\qrc_mainwindow.cpp
f:\gserver\gserver\generatedfiles\ui_mainwindow.h
f:\gserver\x64\debug\gserver.ilk
f:\gserver\x64\debug\gserver.exe
f:\gserver\x64\debug\gserver.pdb
f:\study\programming\作业\数据结构\实践课作业\五子棋答辩版(待完善)\gserver\x64\debug\gserver.exe
f:\study\programming\作业\数据结构\实践课作业\五子棋答辩版(待完善)\gserver\x64\debug\gserver.ilk
f:\study\programming\作业\数据结构\实践课作业\五子棋答辩版(待完善)\gserver\x64\debug\gserver.pdb
f:\study\programming\作业\数据结构\实践课作业\五子棋答辩版(待完善)\gserver\gserver\x64\debug\gserver.tlog\cl.command.1.tlog
f:\study\programming\作业\数据结构\实践课作业\五子棋答辩版(待完善)\gserver\gserver\x64\debug\gserver.tlog\cl.read.1.tlog
f:\study\programming\作业\数据结构\实践课作业\五子棋答辩版(待完善)\gserver\gserver\x64\debug\gserver.tlog\cl.write.1.tlog
f:\study\programming\作业\数据结构\实践课作业\五子棋答辩版(待完善)\gserver\gserver\x64\debug\gserver.tlog\gserver.write.1u.tlog
f:\study\programming\作业\数据结构\实践课作业\五子棋答辩版(待完善)\gserver\gserver\x64\debug\gserver.tlog\link.command.1.tlog
f:\study\programming\作业\数据结构\实践课作业\五子棋答辩版(待完善)\gserver\gserver\x64\debug\gserver.tlog\link.read.1.tlog
f:\study\programming\作业\数据结构\实践课作业\五子棋答辩版(待完善)\gserver\gserver\x64\debug\gserver.tlog\link.write.1.tlog
